ridft program used is /beegfs/modfac/apps/TURBOMOLE/7.1_intel/bin/em64t-unknown-linux-gnu/ridft
relax program used is /beegfs/modfac/apps/TURBOMOLE/7.1_intel/bin/em64t-unknown-linux-gnu/relax
frog program used is /beegfs/modfac/apps/TURBOMOLE/7.1_intel/bin/em64t-unknown-linux-gnu/frog
uff program used is /beegfs/modfac/apps/TURBOMOLE/7.1_intel/bin/em64t-unknown-linux-gnu/uff
define program used is /beegfs/modfac/apps/TURBOMOLE/7.1_intel/bin/em64t-unknown-linux-gnu/define
statpt program used is /beegfs/modfac/apps/TURBOMOLE/7.1_intel/bin/em64t-unknown-linux-gnu/statpt
OPTIMIZATION CYCLE 1
RUN ON STATE 1
OPTIMIZATION CYCLE 2
RUN ON STATE 1
OPTIMIZATION CYCLE 3
RUN ON STATE 1
OPTIMIZATION CYCLE 4
RUN ON STATE 1
OPTIMIZATION CYCLE 5
RUN ON STATE 1
OPTIMIZATION CYCLE 6
RUN ON STATE 1
OPTIMIZATION CYCLE 7
RUN ON STATE 1
OPTIMIZATION CYCLE 8
RUN ON STATE 1
OPTIMIZATION CYCLE 9
RUN ON STATE 1
OPTIMIZATION CYCLE 10
RUN ON STATE 1
OPTIMIZATION CYCLE 11
RUN ON STATE 1
OPTIMIZATION CYCLE 12
RUN ON STATE 1
OPTIMIZATION CYCLE 13
RUN ON STATE 1
OPTIMIZATION CYCLE 14
RUN ON STATE 1
OPTIMIZATION CYCLE 15
RUN ON STATE 1
OPTIMIZATION CYCLE 16
RUN ON STATE 1
OPTIMIZATION CYCLE 17
RUN ON STATE 1
OPTIMIZATION CYCLE 18
RUN ON STATE 1
OPTIMIZATION CYCLE 19
RUN ON STATE 1
OPTIMIZATION CYCLE 20
RUN ON STATE 1
OPTIMIZATION CYCLE 21
RUN ON STATE 1
OPTIMIZATION CYCLE 22
RUN ON STATE 1
OPTIMIZATION CYCLE 23
RUN ON STATE 1
OPTIMIZATION CYCLE 24
RUN ON STATE 1
OPTIMIZATION CYCLE 25
RUN ON STATE 1
OPTIMIZATION CYCLE 26
RUN ON STATE 1
OPTIMIZATION CYCLE 27
RUN ON STATE 1
OPTIMIZATION CYCLE 28
RUN ON STATE 1
OPTIMIZATION CYCLE 29
RUN ON STATE 1
OPTIMIZATION CYCLE 30
RUN ON STATE 1
OPTIMIZATION CYCLE 31
RUN ON STATE 1
OPTIMIZATION CYCLE 32
RUN ON STATE 1
OPTIMIZATION CYCLE 33
RUN ON STATE 1
OPTIMIZATION CYCLE 34
RUN ON STATE 1
OPTIMIZATION CYCLE 35
RUN ON STATE 1
OPTIMIZATION CYCLE 36
RUN ON STATE 1
OPTIMIZATION CYCLE 37
RUN ON STATE 1
OPTIMIZATION CYCLE 38
RUN ON STATE 1
OPTIMIZATION CYCLE 39
RUN ON STATE 1
OPTIMIZATION CYCLE 40
RUN ON STATE 1
OPTIMIZATION CYCLE 41
RUN ON STATE 1
OPTIMIZATION CYCLE 42
RUN ON STATE 1
OPTIMIZATION CYCLE 43
RUN ON STATE 1
OPTIMIZATION CYCLE 44
RUN ON STATE 1
OPTIMIZATION CYCLE 45
RUN ON STATE 1
OPTIMIZATION CYCLE 46
RUN ON STATE 1
OPTIMIZATION CYCLE 47
RUN ON STATE 1
OPTIMIZATION CYCLE 48
RUN ON STATE 1
OPTIMIZATION CYCLE 49
RUN ON STATE 1
OPTIMIZATION CYCLE 50
RUN ON STATE 1
OPTIMIZATION CYCLE 51
RUN ON STATE 1
OPTIMIZATION CYCLE 52
RUN ON STATE 1
OPTIMIZATION CYCLE 53
RUN ON STATE 1
OPTIMIZATION CYCLE 54
RUN ON STATE 1
OPTIMIZATION CYCLE 55
RUN ON STATE 1
OPTIMIZATION CYCLE 56
RUN ON STATE 1
OPTIMIZATION CYCLE 57
RUN ON STATE 1
OPTIMIZATION CYCLE 58
RUN ON STATE 1
OPTIMIZATION CYCLE 59
RUN ON STATE 1
OPTIMIZATION CYCLE 60
RUN ON STATE 1
OPTIMIZATION CYCLE 61
RUN ON STATE 1
OPTIMIZATION CYCLE 62
RUN ON STATE 1
OPTIMIZATION CYCLE 63
RUN ON STATE 1
OPTIMIZATION CYCLE 64
RUN ON STATE 1
OPTIMIZATION CYCLE 65
RUN ON STATE 1
OPTIMIZATION CYCLE 66
RUN ON STATE 1
OPTIMIZATION CYCLE 67
RUN ON STATE 1
OPTIMIZATION CYCLE 68
RUN ON STATE 1
OPTIMIZATION CYCLE 69
RUN ON STATE 1
OPTIMIZATION CYCLE 70
RUN ON STATE 1
OPTIMIZATION CYCLE 71
RUN ON STATE 1
OPTIMIZATION CYCLE 72
RUN ON STATE 1
OPTIMIZATION CYCLE 73
RUN ON STATE 1
OPTIMIZATION CYCLE 74
RUN ON STATE 1
OPTIMIZATION CYCLE 75
RUN ON STATE 1
OPTIMIZATION CYCLE 76
RUN ON STATE 1
OPTIMIZATION CYCLE 77
RUN ON STATE 1
OPTIMIZATION CYCLE 78
RUN ON STATE 1
OPTIMIZATION CYCLE 79
RUN ON STATE 1
OPTIMIZATION CYCLE 80
RUN ON STATE 1
OPTIMIZATION CYCLE 81
RUN ON STATE 1
OPTIMIZATION CYCLE 82
RUN ON STATE 1
OPTIMIZATION CYCLE 83
RUN ON STATE 1
OPTIMIZATION CYCLE 84
RUN ON STATE 1
OPTIMIZATION CYCLE 85
RUN ON STATE 1
OPTIMIZATION CYCLE 86
RUN ON STATE 1
OPTIMIZATION CYCLE 87
RUN ON STATE 1
OPTIMIZATION CYCLE 88
RUN ON STATE 1
OPTIMIZATION CYCLE 89
RUN ON STATE 1
OPTIMIZATION CYCLE 90
RUN ON STATE 1
OPTIMIZATION CYCLE 91
RUN ON STATE 1
OPTIMIZATION CYCLE 92
RUN ON STATE 1
OPTIMIZATION CYCLE 93
RUN ON STATE 1
OPTIMIZATION CYCLE 94
RUN ON STATE 1
OPTIMIZATION CYCLE 95
RUN ON STATE 1
OPTIMIZATION CYCLE 96
RUN ON STATE 1
OPTIMIZATION CYCLE 97
RUN ON STATE 1
OPTIMIZATION CYCLE 98
RUN ON STATE 1
OPTIMIZATION CYCLE 99
RUN ON STATE 1
OPTIMIZATION CYCLE 100
RUN ON STATE 1
OPTIMIZATION CYCLE 101
RUN ON STATE 1
OPTIMIZATION CYCLE 102
RUN ON STATE 1
OPTIMIZATION CYCLE 103
RUN ON STATE 1
OPTIMIZATION CYCLE 104
RUN ON STATE 1
OPTIMIZATION CYCLE 105
RUN ON STATE 1
OPTIMIZATION CYCLE 106
RUN ON STATE 1
OPTIMIZATION CYCLE 107
RUN ON STATE 1
OPTIMIZATION CYCLE 108
RUN ON STATE 1
OPTIMIZATION CYCLE 109
RUN ON STATE 1
OPTIMIZATION CYCLE 110
RUN ON STATE 1
OPTIMIZATION CYCLE 111
RUN ON STATE 1
OPTIMIZATION CYCLE 112
RUN ON STATE 1
OPTIMIZATION CYCLE 113
RUN ON STATE 1
OPTIMIZATION CYCLE 114
RUN ON STATE 1
OPTIMIZATION CYCLE 115
RUN ON STATE 1
OPTIMIZATION CYCLE 116
RUN ON STATE 1
OPTIMIZATION CYCLE 117
RUN ON STATE 1
OPTIMIZATION CYCLE 118
RUN ON STATE 1
OPTIMIZATION CYCLE 119
RUN ON STATE 1
OPTIMIZATION CYCLE 120
RUN ON STATE 1
OPTIMIZATION CYCLE 121
RUN ON STATE 1
OPTIMIZATION CYCLE 122
RUN ON STATE 1
OPTIMIZATION CYCLE 123
RUN ON STATE 1
OPTIMIZATION CYCLE 124
RUN ON STATE 1
OPTIMIZATION CYCLE 125
RUN ON STATE 1
OPTIMIZATION CYCLE 126
RUN ON STATE 1
OPTIMIZATION CYCLE 127
RUN ON STATE 1
OPTIMIZATION CYCLE 128
RUN ON STATE 1
OPTIMIZATION CYCLE 129
RUN ON STATE 1
OPTIMIZATION CYCLE 130
RUN ON STATE 1
OPTIMIZATION CYCLE 131
RUN ON STATE 1
OPTIMIZATION CYCLE 132
RUN ON STATE 1
OPTIMIZATION CYCLE 133
RUN ON STATE 1
OPTIMIZATION CYCLE 134
RUN ON STATE 1
OPTIMIZATION CYCLE 135
RUN ON STATE 1
OPTIMIZATION CYCLE 136
RUN ON STATE 1
OPTIMIZATION CYCLE 137
RUN ON STATE 1
OPTIMIZATION CYCLE 138
RUN ON STATE 1
OPTIMIZATION CYCLE 139
RUN ON STATE 1
OPTIMIZATION CYCLE 140
RUN ON STATE 1
OPTIMIZATION CYCLE 141
RUN ON STATE 1
OPTIMIZATION CYCLE 142
RUN ON STATE 1
OPTIMIZATION CYCLE 143
RUN ON STATE 1
OPTIMIZATION CYCLE 144
RUN ON STATE 1
OPTIMIZATION CYCLE 145
RUN ON STATE 1
OPTIMIZATION CYCLE 146
RUN ON STATE 1
OPTIMIZATION CYCLE 147
RUN ON STATE 1
OPTIMIZATION CYCLE 148
RUN ON STATE 1
OPTIMIZATION CYCLE 149
RUN ON STATE 1
OPTIMIZATION CYCLE 150
RUN ON STATE 1
OPTIMIZATION CYCLE 151
RUN ON STATE 1
OPTIMIZATION CYCLE 152
RUN ON STATE 1
OPTIMIZATION CYCLE 153
RUN ON STATE 1
OPTIMIZATION CYCLE 154
RUN ON STATE 1
OPTIMIZATION CYCLE 155
RUN ON STATE 1
OPTIMIZATION CYCLE 156
RUN ON STATE 1
OPTIMIZATION CYCLE 157
RUN ON STATE 1
OPTIMIZATION CYCLE 158
RUN ON STATE 1
OPTIMIZATION CYCLE 159
RUN ON STATE 1
OPTIMIZATION CYCLE 160
RUN ON STATE 1
OPTIMIZATION CYCLE 161
RUN ON STATE 1
OPTIMIZATION CYCLE 162
RUN ON STATE 1
OPTIMIZATION CYCLE 163
RUN ON STATE 1
OPTIMIZATION CYCLE 164
RUN ON STATE 1
OPTIMIZATION CYCLE 165
RUN ON STATE 1
OPTIMIZATION CYCLE 166
RUN ON STATE 1
OPTIMIZATION CYCLE 167
RUN ON STATE 1
OPTIMIZATION CYCLE 168
RUN ON STATE 1
OPTIMIZATION CYCLE 169
RUN ON STATE 1
OPTIMIZATION CYCLE 170
RUN ON STATE 1
OPTIMIZATION CYCLE 171
RUN ON STATE 1
OPTIMIZATION CYCLE 172
RUN ON STATE 1
OPTIMIZATION CYCLE 173
RUN ON STATE 1
OPTIMIZATION CYCLE 174
RUN ON STATE 1
OPTIMIZATION CYCLE 175
RUN ON STATE 1
OPTIMIZATION CYCLE 176
RUN ON STATE 1
OPTIMIZATION CYCLE 177
RUN ON STATE 1
OPTIMIZATION CYCLE 178
RUN ON STATE 1
OPTIMIZATION CYCLE 179
RUN ON STATE 1
OPTIMIZATION CYCLE 180
RUN ON STATE 1
OPTIMIZATION CYCLE 181
RUN ON STATE 1
OPTIMIZATION CYCLE 182
RUN ON STATE 1
OPTIMIZATION CYCLE 183
RUN ON STATE 1
OPTIMIZATION CYCLE 184
RUN ON STATE 1
OPTIMIZATION CYCLE 185
RUN ON STATE 1
OPTIMIZATION CYCLE 186
RUN ON STATE 1
OPTIMIZATION CYCLE 187
RUN ON STATE 1
OPTIMIZATION CYCLE 188
RUN ON STATE 1
OPTIMIZATION CYCLE 189
RUN ON STATE 1
OPTIMIZATION CYCLE 190
RUN ON STATE 1
OPTIMIZATION CYCLE 191
RUN ON STATE 1
OPTIMIZATION CYCLE 192
RUN ON STATE 1
OPTIMIZATION CYCLE 193
RUN ON STATE 1
OPTIMIZATION CYCLE 194
RUN ON STATE 1
OPTIMIZATION CYCLE 195
RUN ON STATE 1
OPTIMIZATION CYCLE 196
RUN ON STATE 1
OPTIMIZATION CYCLE 197
RUN ON STATE 1
OPTIMIZATION CYCLE 198
RUN ON STATE 1
OPTIMIZATION CYCLE 199
RUN ON STATE 1
OPTIMIZATION CYCLE 200
RUN ON STATE 1
OPTIMIZATION CYCLE 201
RUN ON STATE 1
OPTIMIZATION CYCLE 202
RUN ON STATE 1
OPTIMIZATION CYCLE 203
RUN ON STATE 1
OPTIMIZATION CYCLE 204
RUN ON STATE 1
OPTIMIZATION CYCLE 205
RUN ON STATE 1
OPTIMIZATION CYCLE 206
RUN ON STATE 1
OPTIMIZATION CYCLE 207
RUN ON STATE 1
OPTIMIZATION CYCLE 208
RUN ON STATE 1
OPTIMIZATION CYCLE 209
RUN ON STATE 1
OPTIMIZATION CYCLE 210
RUN ON STATE 1
OPTIMIZATION CYCLE 211
RUN ON STATE 1
OPTIMIZATION CYCLE 212
RUN ON STATE 1
OPTIMIZATION CYCLE 213
RUN ON STATE 1
OPTIMIZATION CYCLE 214
RUN ON STATE 1
OPTIMIZATION CYCLE 215
RUN ON STATE 1
OPTIMIZATION CYCLE 216
RUN ON STATE 1
OPTIMIZATION CYCLE 217
RUN ON STATE 1
OPTIMIZATION CYCLE 218
RUN ON STATE 1
OPTIMIZATION CYCLE 219
RUN ON STATE 1
OPTIMIZATION CYCLE 220
RUN ON STATE 1
OPTIMIZATION CYCLE 221
RUN ON STATE 1
OPTIMIZATION CYCLE 222
RUN ON STATE 1
OPTIMIZATION CYCLE 223
RUN ON STATE 1
OPTIMIZATION CYCLE 224
RUN ON STATE 1
OPTIMIZATION CYCLE 225
RUN ON STATE 1
OPTIMIZATION CYCLE 226
RUN ON STATE 1
OPTIMIZATION CYCLE 227
RUN ON STATE 1
OPTIMIZATION CYCLE 228
RUN ON STATE 1
OPTIMIZATION CYCLE 229
RUN ON STATE 1
OPTIMIZATION CYCLE 230
RUN ON STATE 1
OPTIMIZATION CYCLE 231
RUN ON STATE 1
OPTIMIZATION CYCLE 232
RUN ON STATE 1
OPTIMIZATION CYCLE 233
RUN ON STATE 1
OPTIMIZATION CYCLE 234
RUN ON STATE 1
OPTIMIZATION CYCLE 235
RUN ON STATE 1
OPTIMIZATION CYCLE 236
RUN ON STATE 1
OPTIMIZATION CYCLE 237
RUN ON STATE 1
OPTIMIZATION CYCLE 238
RUN ON STATE 1
OPTIMIZATION CYCLE 239
RUN ON STATE 1
OPTIMIZATION CYCLE 240
RUN ON STATE 1
OPTIMIZATION CYCLE 241
RUN ON STATE 1
OPTIMIZATION CYCLE 242
RUN ON STATE 1
OPTIMIZATION CYCLE 243
RUN ON STATE 1
OPTIMIZATION CYCLE 244
RUN ON STATE 1
OPTIMIZATION CYCLE 245
RUN ON STATE 1
OPTIMIZATION CYCLE 246
RUN ON STATE 1
OPTIMIZATION CYCLE 247
RUN ON STATE 1
OPTIMIZATION CYCLE 248
RUN ON STATE 1
OPTIMIZATION CYCLE 249
RUN ON STATE 1
OPTIMIZATION CYCLE 250
RUN ON STATE 1
OPTIMIZATION CYCLE 251
RUN ON STATE 1
OPTIMIZATION CYCLE 252
RUN ON STATE 1
OPTIMIZATION CYCLE 253
RUN ON STATE 1
OPTIMIZATION CYCLE 254
RUN ON STATE 1
OPTIMIZATION CYCLE 255
RUN ON STATE 1
OPTIMIZATION CYCLE 256
RUN ON STATE 1
OPTIMIZATION CYCLE 257
RUN ON STATE 1
OPTIMIZATION CYCLE 258
RUN ON STATE 1
OPTIMIZATION CYCLE 259
RUN ON STATE 1
OPTIMIZATION CYCLE 260
RUN ON STATE 1
OPTIMIZATION CYCLE 261
RUN ON STATE 1
OPTIMIZATION CYCLE 262
RUN ON STATE 1
OPTIMIZATION CYCLE 263
RUN ON STATE 1
OPTIMIZATION CYCLE 264
RUN ON STATE 1
OPTIMIZATION CYCLE 265
RUN ON STATE 1
OPTIMIZATION CYCLE 266
RUN ON STATE 1
OPTIMIZATION CYCLE 267
RUN ON STATE 1
OPTIMIZATION CYCLE 268
RUN ON STATE 1
OPTIMIZATION CYCLE 269
RUN ON STATE 1
OPTIMIZATION CYCLE 270
RUN ON STATE 1
OPTIMIZATION CYCLE 271
RUN ON STATE 1
OPTIMIZATION CYCLE 272
RUN ON STATE 1
OPTIMIZATION CYCLE 273
RUN ON STATE 1
OPTIMIZATION CYCLE 274
RUN ON STATE 1
OPTIMIZATION CYCLE 275
RUN ON STATE 1
OPTIMIZATION CYCLE 276
RUN ON STATE 1
OPTIMIZATION CYCLE 277
RUN ON STATE 1
OPTIMIZATION CYCLE 278
RUN ON STATE 1
OPTIMIZATION CYCLE 279
RUN ON STATE 1
OPTIMIZATION CYCLE 280
RUN ON STATE 1
OPTIMIZATION CYCLE 281
RUN ON STATE 1
OPTIMIZATION CYCLE 282
RUN ON STATE 1
OPTIMIZATION CYCLE 283
RUN ON STATE 1
OPTIMIZATION CYCLE 284
RUN ON STATE 1
OPTIMIZATION CYCLE 285
RUN ON STATE 1
OPTIMIZATION CYCLE 286
RUN ON STATE 1
OPTIMIZATION CYCLE 287
RUN ON STATE 1
OPTIMIZATION CYCLE 288
RUN ON STATE 1
OPTIMIZATION CYCLE 289
RUN ON STATE 1
OPTIMIZATION CYCLE 290
RUN ON STATE 1
OPTIMIZATION CYCLE 291
RUN ON STATE 1
OPTIMIZATION CYCLE 292
RUN ON STATE 1
OPTIMIZATION CYCLE 293
RUN ON STATE 1
OPTIMIZATION CYCLE 294
RUN ON STATE 1
OPTIMIZATION CYCLE 295
RUN ON STATE 1
OPTIMIZATION CYCLE 296
RUN ON STATE 1
OPTIMIZATION CYCLE 297
RUN ON STATE 1
OPTIMIZATION CYCLE 298
RUN ON STATE 1
OPTIMIZATION CYCLE 299
RUN ON STATE 1
OPTIMIZATION CYCLE 300
RUN ON STATE 1
OPTIMIZATION CYCLE 301
RUN ON STATE 1
OPTIMIZATION CYCLE 302
RUN ON STATE 1
OPTIMIZATION CYCLE 303
RUN ON STATE 1
OPTIMIZATION CYCLE 304
RUN ON STATE 1
OPTIMIZATION CYCLE 305
RUN ON STATE 1
OPTIMIZATION CYCLE 306
RUN ON STATE 1
OPTIMIZATION CYCLE 307
RUN ON STATE 1
OPTIMIZATION CYCLE 308
RUN ON STATE 1
OPTIMIZATION CYCLE 309
RUN ON STATE 1
OPTIMIZATION CYCLE 310
RUN ON STATE 1
OPTIMIZATION CYCLE 311
RUN ON STATE 1
OPTIMIZATION CYCLE 312
RUN ON STATE 1
OPTIMIZATION CYCLE 313
RUN ON STATE 1
OPTIMIZATION CYCLE 314
RUN ON STATE 1
OPTIMIZATION CYCLE 315
RUN ON STATE 1
OPTIMIZATION CYCLE 316
RUN ON STATE 1
OPTIMIZATION CYCLE 317
RUN ON STATE 1
OPTIMIZATION CYCLE 318
RUN ON STATE 1
OPTIMIZATION CYCLE 319
RUN ON STATE 1
OPTIMIZATION CYCLE 320
RUN ON STATE 1
OPTIMIZATION CYCLE 321
RUN ON STATE 1
OPTIMIZATION CYCLE 322
RUN ON STATE 1
OPTIMIZATION CYCLE 323
RUN ON STATE 1
OPTIMIZATION CYCLE 324
RUN ON STATE 1
OPTIMIZATION CYCLE 325
RUN ON STATE 1
OPTIMIZATION CYCLE 326
RUN ON STATE 1
OPTIMIZATION CYCLE 327
RUN ON STATE 1
OPTIMIZATION CYCLE 328
RUN ON STATE 1
OPTIMIZATION CYCLE 329
RUN ON STATE 1
OPTIMIZATION CYCLE 330
RUN ON STATE 1
OPTIMIZATION CYCLE 331
RUN ON STATE 1
OPTIMIZATION CYCLE 332
RUN ON STATE 1
OPTIMIZATION CYCLE 333
RUN ON STATE 1
OPTIMIZATION CYCLE 334
RUN ON STATE 1
OPTIMIZATION CYCLE 335
RUN ON STATE 1
OPTIMIZATION CYCLE 336
RUN ON STATE 1
OPTIMIZATION CYCLE 337
RUN ON STATE 1
OPTIMIZATION CYCLE 338
RUN ON STATE 1
OPTIMIZATION CYCLE 339
RUN ON STATE 1
OPTIMIZATION CYCLE 340
RUN ON STATE 1
OPTIMIZATION CYCLE 341
RUN ON STATE 1
OPTIMIZATION CYCLE 342
RUN ON STATE 1
OPTIMIZATION CYCLE 343
RUN ON STATE 1
OPTIMIZATION CYCLE 344
RUN ON STATE 1
OPTIMIZATION CYCLE 345
RUN ON STATE 1
OPTIMIZATION CYCLE 346
RUN ON STATE 1
OPTIMIZATION CYCLE 347
RUN ON STATE 1
OPTIMIZATION CYCLE 348
RUN ON STATE 1
OPTIMIZATION CYCLE 349
RUN ON STATE 1
OPTIMIZATION CYCLE 350
RUN ON STATE 1
OPTIMIZATION CYCLE 351
RUN ON STATE 1
OPTIMIZATION CYCLE 352
RUN ON STATE 1
OPTIMIZATION CYCLE 353
RUN ON STATE 1
OPTIMIZATION CYCLE 354
RUN ON STATE 1
OPTIMIZATION CYCLE 355
RUN ON STATE 1
OPTIMIZATION CYCLE 356
RUN ON STATE 1
OPTIMIZATION CYCLE 357
RUN ON STATE 1
OPTIMIZATION CYCLE 358
RUN ON STATE 1
OPTIMIZATION CYCLE 359
RUN ON STATE 1
OPTIMIZATION CYCLE 360
RUN ON STATE 1
OPTIMIZATION CYCLE 361
RUN ON STATE 1
OPTIMIZATION CYCLE 362
RUN ON STATE 1
OPTIMIZATION CYCLE 363
RUN ON STATE 1
OPTIMIZATION CYCLE 364
RUN ON STATE 1
OPTIMIZATION CYCLE 365
RUN ON STATE 1
OPTIMIZATION CYCLE 366
RUN ON STATE 1
OPTIMIZATION CYCLE 367
RUN ON STATE 1
OPTIMIZATION CYCLE 368
RUN ON STATE 1
OPTIMIZATION CYCLE 369
RUN ON STATE 1
OPTIMIZATION CYCLE 370
RUN ON STATE 1
OPTIMIZATION CYCLE 371
RUN ON STATE 1
OPTIMIZATION CYCLE 372
RUN ON STATE 1
OPTIMIZATION CYCLE 373
RUN ON STATE 1
OPTIMIZATION CYCLE 374
RUN ON STATE 1
OPTIMIZATION CYCLE 375
RUN ON STATE 1
OPTIMIZATION CYCLE 376
RUN ON STATE 1
OPTIMIZATION CYCLE 377
RUN ON STATE 1
OPTIMIZATION CYCLE 378
RUN ON STATE 1
OPTIMIZATION CYCLE 379
RUN ON STATE 1
OPTIMIZATION CYCLE 380
RUN ON STATE 1
OPTIMIZATION CYCLE 381
RUN ON STATE 1
OPTIMIZATION CYCLE 382
RUN ON STATE 1
OPTIMIZATION CYCLE 383
RUN ON STATE 1
OPTIMIZATION CYCLE 384
RUN ON STATE 1
OPTIMIZATION CYCLE 385
RUN ON STATE 1
OPTIMIZATION CYCLE 386
RUN ON STATE 1
OPTIMIZATION CYCLE 387
RUN ON STATE 1
OPTIMIZATION CYCLE 388
RUN ON STATE 1
OPTIMIZATION CYCLE 389
RUN ON STATE 1
OPTIMIZATION CYCLE 390
RUN ON STATE 1
OPTIMIZATION CYCLE 391
RUN ON STATE 1
OPTIMIZATION CYCLE 392
RUN ON STATE 1
OPTIMIZATION CYCLE 393
RUN ON STATE 1
OPTIMIZATION CYCLE 394
RUN ON STATE 1
OPTIMIZATION CYCLE 395
RUN ON STATE 1
OPTIMIZATION CYCLE 396
RUN ON STATE 1
OPTIMIZATION CYCLE 397
RUN ON STATE 1
OPTIMIZATION CYCLE 398
RUN ON STATE 1
OPTIMIZATION CYCLE 399
RUN ON STATE 1
OPTIMIZATION CYCLE 400
RUN ON STATE 1
OPTIMIZATION CYCLE 401
RUN ON STATE 1
OPTIMIZATION CYCLE 402
RUN ON STATE 1
OPTIMIZATION CYCLE 403
RUN ON STATE 1
OPTIMIZATION CYCLE 404
RUN ON STATE 1
OPTIMIZATION CYCLE 405
RUN ON STATE 1
OPTIMIZATION CYCLE 406
RUN ON STATE 1
OPTIMIZATION CYCLE 407
RUN ON STATE 1
OPTIMIZATION CYCLE 408
RUN ON STATE 1
OPTIMIZATION CYCLE 409
RUN ON STATE 1
OPTIMIZATION CYCLE 410
RUN ON STATE 1
OPTIMIZATION CYCLE 411
RUN ON STATE 1
OPTIMIZATION CYCLE 412
RUN ON STATE 1
OPTIMIZATION CYCLE 413
RUN ON STATE 1
OPTIMIZATION CYCLE 414
RUN ON STATE 1
OPTIMIZATION CYCLE 415
RUN ON STATE 1
OPTIMIZATION CYCLE 416
RUN ON STATE 1
OPTIMIZATION CYCLE 417
RUN ON STATE 1
OPTIMIZATION CYCLE 418
RUN ON STATE 1
OPTIMIZATION CYCLE 419
RUN ON STATE 1
OPTIMIZATION CYCLE 420
RUN ON STATE 1
OPTIMIZATION CYCLE 421
RUN ON STATE 1
OPTIMIZATION CYCLE 422
RUN ON STATE 1
OPTIMIZATION CYCLE 423
RUN ON STATE 1
OPTIMIZATION CYCLE 424
RUN ON STATE 1
OPTIMIZATION CYCLE 425
RUN ON STATE 1
OPTIMIZATION CYCLE 426
RUN ON STATE 1
OPTIMIZATION CYCLE 427
RUN ON STATE 1
OPTIMIZATION CYCLE 428
RUN ON STATE 1
OPTIMIZATION CYCLE 429
RUN ON STATE 1
OPTIMIZATION CYCLE 430
RUN ON STATE 1
OPTIMIZATION CYCLE 431
RUN ON STATE 1
OPTIMIZATION CYCLE 432
RUN ON STATE 1
OPTIMIZATION CYCLE 433
RUN ON STATE 1
OPTIMIZATION CYCLE 434
RUN ON STATE 1
OPTIMIZATION CYCLE 435
RUN ON STATE 1
OPTIMIZATION CYCLE 436
RUN ON STATE 1
OPTIMIZATION CYCLE 437
RUN ON STATE 1
OPTIMIZATION CYCLE 438
RUN ON STATE 1
OPTIMIZATION CYCLE 439
RUN ON STATE 1
OPTIMIZATION CYCLE 440
RUN ON STATE 1
OPTIMIZATION CYCLE 441
RUN ON STATE 1
OPTIMIZATION CYCLE 442
RUN ON STATE 1
OPTIMIZATION CYCLE 443
RUN ON STATE 1
OPTIMIZATION CYCLE 444
RUN ON STATE 1
OPTIMIZATION CYCLE 445
RUN ON STATE 1
OPTIMIZATION CYCLE 446
RUN ON STATE 1
OPTIMIZATION CYCLE 447
RUN ON STATE 1
OPTIMIZATION CYCLE 448
RUN ON STATE 1
OPTIMIZATION CYCLE 449
RUN ON STATE 1
OPTIMIZATION CYCLE 450
RUN ON STATE 1
OPTIMIZATION CYCLE 451
RUN ON STATE 1
OPTIMIZATION CYCLE 452
RUN ON STATE 1
OPTIMIZATION CYCLE 453
RUN ON STATE 1
OPTIMIZATION CYCLE 454
RUN ON STATE 1
OPTIMIZATION CYCLE 455
RUN ON STATE 1
OPTIMIZATION CYCLE 456
RUN ON STATE 1
OPTIMIZATION CYCLE 457
RUN ON STATE 1
OPTIMIZATION CYCLE 458
RUN ON STATE 1
OPTIMIZATION CYCLE 459
RUN ON STATE 1
OPTIMIZATION CYCLE 460
RUN ON STATE 1
OPTIMIZATION CYCLE 461
RUN ON STATE 1
OPTIMIZATION CYCLE 462
RUN ON STATE 1
OPTIMIZATION CYCLE 463
RUN ON STATE 1
OPTIMIZATION CYCLE 464
RUN ON STATE 1
OPTIMIZATION CYCLE 465
RUN ON STATE 1
OPTIMIZATION CYCLE 466
RUN ON STATE 1
OPTIMIZATION CYCLE 467
RUN ON STATE 1
OPTIMIZATION CYCLE 468
RUN ON STATE 1
OPTIMIZATION CYCLE 469
RUN ON STATE 1
OPTIMIZATION CYCLE 470
RUN ON STATE 1
OPTIMIZATION CYCLE 471
RUN ON STATE 1
OPTIMIZATION CYCLE 472
RUN ON STATE 1
OPTIMIZATION CYCLE 473
RUN ON STATE 1
OPTIMIZATION CYCLE 474
RUN ON STATE 1
OPTIMIZATION CYCLE 475
RUN ON STATE 1
OPTIMIZATION CYCLE 476
RUN ON STATE 1
OPTIMIZATION CYCLE 477
RUN ON STATE 1
OPTIMIZATION CYCLE 478
RUN ON STATE 1
OPTIMIZATION CYCLE 479
RUN ON STATE 1
OPTIMIZATION CYCLE 480
RUN ON STATE 1
OPTIMIZATION CYCLE 481
RUN ON STATE 1
OPTIMIZATION CYCLE 482
RUN ON STATE 1
OPTIMIZATION CYCLE 483
RUN ON STATE 1
OPTIMIZATION CYCLE 484
RUN ON STATE 1
OPTIMIZATION CYCLE 485
RUN ON STATE 1
OPTIMIZATION CYCLE 486
RUN ON STATE 1
OPTIMIZATION CYCLE 487
RUN ON STATE 1
OPTIMIZATION CYCLE 488
RUN ON STATE 1
OPTIMIZATION CYCLE 489
RUN ON STATE 1
OPTIMIZATION CYCLE 490
RUN ON STATE 1
OPTIMIZATION CYCLE 491
RUN ON STATE 1
OPTIMIZATION CYCLE 492
RUN ON STATE 1
OPTIMIZATION CYCLE 493
RUN ON STATE 1
OPTIMIZATION CYCLE 494
RUN ON STATE 1
OPTIMIZATION CYCLE 495
RUN ON STATE 1
OPTIMIZATION CYCLE 496
RUN ON STATE 1
OPTIMIZATION CYCLE 497
RUN ON STATE 1
OPTIMIZATION CYCLE 498
RUN ON STATE 1
OPTIMIZATION CYCLE 499
RUN ON STATE 1
OPTIMIZATION CYCLE 500
RUN ON STATE 1
OPTIMIZATION CYCLE 501
RUN ON STATE 1
OPTIMIZATION CYCLE 502
RUN ON STATE 1
OPTIMIZATION CYCLE 503
RUN ON STATE 1
OPTIMIZATION CYCLE 504
RUN ON STATE 1
OPTIMIZATION CYCLE 505
RUN ON STATE 1
OPTIMIZATION CYCLE 506
RUN ON STATE 1
OPTIMIZATION CYCLE 507
RUN ON STATE 1
OPTIMIZATION CYCLE 508
RUN ON STATE 1
OPTIMIZATION CYCLE 509
RUN ON STATE 1
OPTIMIZATION CYCLE 510
RUN ON STATE 1
OPTIMIZATION CYCLE 511
RUN ON STATE 1
OPTIMIZATION CYCLE 512
RUN ON STATE 1
OPTIMIZATION CYCLE 513
RUN ON STATE 1
OPTIMIZATION CYCLE 514
RUN ON STATE 1
OPTIMIZATION CYCLE 515
RUN ON STATE 1
OPTIMIZATION CYCLE 516
RUN ON STATE 1
OPTIMIZATION CYCLE 517
RUN ON STATE 1
OPTIMIZATION CYCLE 518
RUN ON STATE 1
OPTIMIZATION CYCLE 519
RUN ON STATE 1
OPTIMIZATION CYCLE 520
RUN ON STATE 1
OPTIMIZATION CYCLE 521
RUN ON STATE 1
OPTIMIZATION CYCLE 522
RUN ON STATE 1
OPTIMIZATION CYCLE 523
RUN ON STATE 1
OPTIMIZATION CYCLE 524
RUN ON STATE 1
OPTIMIZATION CYCLE 525
RUN ON STATE 1
OPTIMIZATION CYCLE 526
RUN ON STATE 1
OPTIMIZATION CYCLE 527
RUN ON STATE 1
OPTIMIZATION CYCLE 528
RUN ON STATE 1
OPTIMIZATION CYCLE 529
RUN ON STATE 1
OPTIMIZATION CYCLE 530
RUN ON STATE 1
OPTIMIZATION CYCLE 531
RUN ON STATE 1
OPTIMIZATION CYCLE 532
RUN ON STATE 1
OPTIMIZATION CYCLE 533
RUN ON STATE 1
OPTIMIZATION CYCLE 534
RUN ON STATE 1
OPTIMIZATION CYCLE 535
RUN ON STATE 1
OPTIMIZATION CYCLE 536
RUN ON STATE 1
OPTIMIZATION CYCLE 537
RUN ON STATE 1
OPTIMIZATION CYCLE 538
RUN ON STATE 1
OPTIMIZATION CYCLE 539
RUN ON STATE 1
OPTIMIZATION CYCLE 540
RUN ON STATE 1
OPTIMIZATION CYCLE 541
RUN ON STATE 1
OPTIMIZATION CYCLE 542
RUN ON STATE 1
OPTIMIZATION CYCLE 543
RUN ON STATE 1
OPTIMIZATION CYCLE 544
RUN ON STATE 1
OPTIMIZATION CYCLE 545
RUN ON STATE 1
OPTIMIZATION CYCLE 546
RUN ON STATE 1
OPTIMIZATION CYCLE 547
RUN ON STATE 1
OPTIMIZATION CYCLE 548
RUN ON STATE 1
OPTIMIZATION CYCLE 549
RUN ON STATE 1
OPTIMIZATION CYCLE 550
RUN ON STATE 1
OPTIMIZATION CYCLE 551
RUN ON STATE 1
OPTIMIZATION CYCLE 552
RUN ON STATE 1
OPTIMIZATION CYCLE 553
RUN ON STATE 1
OPTIMIZATION CYCLE 554
RUN ON STATE 1
OPTIMIZATION CYCLE 555
RUN ON STATE 1
OPTIMIZATION CYCLE 556
RUN ON STATE 1
OPTIMIZATION CYCLE 557
RUN ON STATE 1
OPTIMIZATION CYCLE 558
RUN ON STATE 1
OPTIMIZATION CYCLE 559
RUN ON STATE 1
OPTIMIZATION CYCLE 560
RUN ON STATE 1
OPTIMIZATION CYCLE 561
RUN ON STATE 1
OPTIMIZATION CYCLE 562
RUN ON STATE 1
OPTIMIZATION CYCLE 563
RUN ON STATE 0
rdgrad program used is /beegfs/modfac/apps/TURBOMOLE/7.1_intel/bin/em64t-unknown-linux-gnu/rdgrad
OPTIMIZATION CYCLE 564
RUN ON STATE 0
rdgrad program used is /beegfs/modfac/apps/TURBOMOLE/7.1_intel/bin/em64t-unknown-linux-gnu/rdgrad
OPTIMIZATION CYCLE 565
RUN ON STATE 0
rdgrad program used is /beegfs/modfac/apps/TURBOMOLE/7.1_intel/bin/em64t-unknown-linux-gnu/rdgrad
OPTIMIZATION CYCLE 566
RUN ON STATE 0
rdgrad program used is /beegfs/modfac/apps/TURBOMOLE/7.1_intel/bin/em64t-unknown-linux-gnu/rdgrad
OPTIMIZATION CYCLE 567
RUN ON STATE 0
rdgrad program used is /beegfs/modfac/apps/TURBOMOLE/7.1_intel/bin/em64t-unknown-linux-gnu/rdgrad
OPTIMIZATION CYCLE 568
RUN ON STATE 0
rdgrad program used is /beegfs/modfac/apps/TURBOMOLE/7.1_intel/bin/em64t-unknown-linux-gnu/rdgrad
OPTIMIZATION CYCLE 569
RUN ON STATE 0
rdgrad program used is /beegfs/modfac/apps/TURBOMOLE/7.1_intel/bin/em64t-unknown-linux-gnu/rdgrad
OPTIMIZATION CYCLE 570
RUN ON STATE 0
rdgrad program used is /beegfs/modfac/apps/TURBOMOLE/7.1_intel/bin/em64t-unknown-linux-gnu/rdgrad
OPTIMIZATION CYCLE 571
RUN ON STATE 0
rdgrad program used is /beegfs/modfac/apps/TURBOMOLE/7.1_intel/bin/em64t-unknown-linux-gnu/rdgrad
OPTIMIZATION CYCLE 572
RUN ON STATE 0
rdgrad program used is /beegfs/modfac/apps/TURBOMOLE/7.1_intel/bin/em64t-unknown-linux-gnu/rdgrad
OPTIMIZATION CYCLE 573
RUN ON STATE 0
rdgrad program used is /beegfs/modfac/apps/TURBOMOLE/7.1_intel/bin/em64t-unknown-linux-gnu/rdgrad
OPTIMIZATION CYCLE 574
RUN ON STATE 0
rdgrad program used is /beegfs/modfac/apps/TURBOMOLE/7.1_intel/bin/em64t-unknown-linux-gnu/rdgrad
OPTIMIZATION CYCLE 575
RUN ON STATE 0
rdgrad program used is /beegfs/modfac/apps/TURBOMOLE/7.1_intel/bin/em64t-unknown-linux-gnu/rdgrad
OPTIMIZATION CYCLE 576
RUN ON STATE 0
rdgrad program used is /beegfs/modfac/apps/TURBOMOLE/7.1_intel/bin/em64t-unknown-linux-gnu/rdgrad
OPTIMIZATION CYCLE 577
RUN ON STATE 0
rdgrad program used is /beegfs/modfac/apps/TURBOMOLE/7.1_intel/bin/em64t-unknown-linux-gnu/rdgrad
OPTIMIZATION CYCLE 578
RUN ON STATE 0
rdgrad program used is /beegfs/modfac/apps/TURBOMOLE/7.1_intel/bin/em64t-unknown-linux-gnu/rdgrad
OPTIMIZATION CYCLE 579
RUN ON STATE 0
rdgrad program used is /beegfs/modfac/apps/TURBOMOLE/7.1_intel/bin/em64t-unknown-linux-gnu/rdgrad
OPTIMIZATION CYCLE 580
RUN ON STATE 0
rdgrad program used is /beegfs/modfac/apps/TURBOMOLE/7.1_intel/bin/em64t-unknown-linux-gnu/rdgrad
OPTIMIZATION CYCLE 581
RUN ON STATE 0
rdgrad program used is /beegfs/modfac/apps/TURBOMOLE/7.1_intel/bin/em64t-unknown-linux-gnu/rdgrad
OPTIMIZATION CYCLE 582
RUN ON STATE 0
rdgrad program used is /beegfs/modfac/apps/TURBOMOLE/7.1_intel/bin/em64t-unknown-linux-gnu/rdgrad
OPTIMIZATION CYCLE 583
RUN ON STATE 0
rdgrad program used is /beegfs/modfac/apps/TURBOMOLE/7.1_intel/bin/em64t-unknown-linux-gnu/rdgrad
OPTIMIZATION CYCLE 584
RUN ON STATE 0
rdgrad program used is /beegfs/modfac/apps/TURBOMOLE/7.1_intel/bin/em64t-unknown-linux-gnu/rdgrad
OPTIMIZATION CYCLE 585
RUN ON STATE 0
rdgrad program used is /beegfs/modfac/apps/TURBOMOLE/7.1_intel/bin/em64t-unknown-linux-gnu/rdgrad
OPTIMIZATION CYCLE 586
RUN ON STATE 0
rdgrad program used is /beegfs/modfac/apps/TURBOMOLE/7.1_intel/bin/em64t-unknown-linux-gnu/rdgrad
OPTIMIZATION CYCLE 587
RUN ON STATE 0
rdgrad program used is /beegfs/modfac/apps/TURBOMOLE/7.1_intel/bin/em64t-unknown-linux-gnu/rdgrad
OPTIMIZATION CYCLE 588
RUN ON STATE 0
rdgrad program used is /beegfs/modfac/apps/TURBOMOLE/7.1_intel/bin/em64t-unknown-linux-gnu/rdgrad
OPTIMIZATION CYCLE 589
RUN ON STATE 0
rdgrad program used is /beegfs/modfac/apps/TURBOMOLE/7.1_intel/bin/em64t-unknown-linux-gnu/rdgrad
OPTIMIZATION CYCLE 590
RUN ON STATE 0
rdgrad program used is /beegfs/modfac/apps/TURBOMOLE/7.1_intel/bin/em64t-unknown-linux-gnu/rdgrad
OPTIMIZATION CYCLE 591
RUN ON STATE 0
rdgrad program used is /beegfs/modfac/apps/TURBOMOLE/7.1_intel/bin/em64t-unknown-linux-gnu/rdgrad
OPTIMIZATION CYCLE 592
RUN ON STATE 0
rdgrad program used is /beegfs/modfac/apps/TURBOMOLE/7.1_intel/bin/em64t-unknown-linux-gnu/rdgrad
OPTIMIZATION CYCLE 593
RUN ON STATE 0
rdgrad program used is /beegfs/modfac/apps/TURBOMOLE/7.1_intel/bin/em64t-unknown-linux-gnu/rdgrad
OPTIMIZATION CYCLE 594
RUN ON STATE 0
rdgrad program used is /beegfs/modfac/apps/TURBOMOLE/7.1_intel/bin/em64t-unknown-linux-gnu/rdgrad
OPTIMIZATION CYCLE 595
RUN ON STATE 0
rdgrad program used is /beegfs/modfac/apps/TURBOMOLE/7.1_intel/bin/em64t-unknown-linux-gnu/rdgrad
OPTIMIZATION CYCLE 596
RUN ON STATE 0
rdgrad program used is /beegfs/modfac/apps/TURBOMOLE/7.1_intel/bin/em64t-unknown-linux-gnu/rdgrad
OPTIMIZATION CYCLE 597
RUN ON STATE 0
rdgrad program used is /beegfs/modfac/apps/TURBOMOLE/7.1_intel/bin/em64t-unknown-linux-gnu/rdgrad
OPTIMIZATION CYCLE 598
RUN ON STATE 0
rdgrad program used is /beegfs/modfac/apps/TURBOMOLE/7.1_intel/bin/em64t-unknown-linux-gnu/rdgrad
OPTIMIZATION CYCLE 599
RUN ON STATE 0
rdgrad program used is /beegfs/modfac/apps/TURBOMOLE/7.1_intel/bin/em64t-unknown-linux-gnu/rdgrad
OPTIMIZATION CYCLE 600
RUN ON STATE 0
rdgrad program used is /beegfs/modfac/apps/TURBOMOLE/7.1_intel/bin/em64t-unknown-linux-gnu/rdgrad
OPTIMIZATION CYCLE 601
RUN ON STATE 0
rdgrad program used is /beegfs/modfac/apps/TURBOMOLE/7.1_intel/bin/em64t-unknown-linux-gnu/rdgrad
OPTIMIZATION CYCLE 602
RUN ON STATE 0
rdgrad program used is /beegfs/modfac/apps/TURBOMOLE/7.1_intel/bin/em64t-unknown-linux-gnu/rdgrad
OPTIMIZATION CYCLE 603
RUN ON STATE 0
rdgrad program used is /beegfs/modfac/apps/TURBOMOLE/7.1_intel/bin/em64t-unknown-linux-gnu/rdgrad
OPTIMIZATION CYCLE 604
RUN ON STATE 0
rdgrad program used is /beegfs/modfac/apps/TURBOMOLE/7.1_intel/bin/em64t-unknown-linux-gnu/rdgrad
OPTIMIZATION CYCLE 605
RUN ON STATE 0
rdgrad program used is /beegfs/modfac/apps/TURBOMOLE/7.1_intel/bin/em64t-unknown-linux-gnu/rdgrad
OPTIMIZATION CYCLE 606
RUN ON STATE 0
