# mdlog[.1-last] used as log with 0 constraints
#    t=          KineticE=          TotalE=            PotentialE=        P(GPa)=            T(K)=              xi=
      0.00       0.1141249490    -688.7593251110    -688.8734500600       0.0000000000    3002.8772102765       0.0000000000
     40.00       0.1005864973    -688.7572855667    -688.8578720640       0.0000000000    2646.6509141118       0.0000000000
     80.00       0.0856024397    -688.7561172873    -688.8417197270       0.0000000000    2252.3875607127       0.0000000000
    120.00       0.0846516070    -688.7575681970    -688.8422198040       0.0000000000    2227.3690697326       0.0000000000
    160.00       0.0831612142    -688.7576232228    -688.8407844370       0.0000000000    2188.1535735689       0.0000000000
    200.00       0.0768367325    -688.7571821745    -688.8340189070       0.0000000000    2021.7426160236       0.0000000000
    240.00       0.0705522462    -688.7569615668    -688.8275138130       0.0000000000    1856.3840255255       0.0000000000
    280.00       0.0683700979    -688.7568088071    -688.8251789050       0.0000000000    1798.9669280756       0.0000000000
    320.00       0.0728173611    -688.7568026769    -688.8296200380       0.0000000000    1915.9841580100       0.0000000000
    360.00       0.0814104453    -688.7583456917    -688.8397561370       0.0000000000    2142.0870130245       0.0000000000
    400.00       0.0788074362    -688.7585228708    -688.8373303070       0.0000000000    2073.5961437935       0.0000000000
    440.00       0.0682062826    -688.7571484844    -688.8253547670       0.0000000000    1794.6565890352       0.0000000000
    480.00       0.0617484479    -688.7581220081    -688.8198704560       0.0000000000    1624.7368240951       0.0000000000
    520.00       0.0558719422    -688.7571489448    -688.8130208870       0.0000000000    1470.1130956106       0.0000000000
    560.00       0.0552552042    -688.7578551688    -688.8131103730       0.0000000000    1453.8853685601       0.0000000000
    600.00       0.0534785546    -688.7579933924    -688.8114719470       0.0000000000    1407.1378288155       0.0000000000
    640.00       0.0476232827    -688.7573678923    -688.8049911750       0.0000000000    1253.0728078789       0.0000000000
    680.00       0.0458480847    -688.7569619353    -688.8028100200       0.0000000000    1206.3634632919       0.0000000000
    720.00       0.0510071471    -688.7584958449    -688.8095029920       0.0000000000    1342.1096876112       0.0000000000
    760.00       0.0503801065    -688.7582023505    -688.8085824570       0.0000000000    1325.6108760038       0.0000000000
    800.00       0.0499370269    -688.7576710031    -688.8076080300       0.0000000000    1313.9524833207       0.0000000000
    840.00       0.0520561990    -688.7594531900    -688.8115093890       0.0000000000    1369.7125399630       0.0000000000
    880.00       0.0420252420    -688.7577741970    -688.7997994390       0.0000000000    1105.7761050409       0.0000000000
    920.00       0.0358313337    -688.7569156533    -688.7927469870       0.0000000000     942.8008205035       0.0000000000
    960.00       0.0434561333    -688.7584235887    -688.8018797220       0.0000000000    1143.4259875912       0.0000000000
   1000.00       0.0494525425    -688.7587689575    -688.8082215000       0.0000000000    1301.2046383626       0.0000000000
   1040.00       0.0469808089    -688.7580874051    -688.8050682140       0.0000000000    1236.1679164983       0.0000000000
   1080.00       0.0420082093    -688.7582728857    -688.8002810950       0.0000000000    1105.3279373480       0.0000000000
   1120.00       0.0377203950    -688.7574964240    -688.7952168190       0.0000000000     992.5061567207       0.0000000000
   1160.00       0.0428587488    -688.7580649222    -688.8009236710       0.0000000000    1127.7074921037       0.0000000000
   1200.00       0.0510054062    -688.7593555868    -688.8103609930       0.0000000000    1342.0638810400       0.0000000000
   1240.00       0.0467278460    -688.7588719960    -688.8055998420       0.0000000000    1229.5119091203       0.0000000000
   1280.00       0.0363262314    -688.7576596906    -688.7939859220       0.0000000000     955.8226604675       0.0000000000
   1320.00       0.0368547914    -688.7575979986    -688.7944527900       0.0000000000     969.7302303816       0.0000000000
   1360.00       0.0483189761    -688.7593039449    -688.8076229210       0.0000000000    1271.3780238625       0.0000000000
   1400.00       0.0527554809    -688.7593220801    -688.8120775610       0.0000000000    1388.1121762364       0.0000000000
   1440.00       0.0463124759    -688.7590243571    -688.8053368330       0.0000000000    1218.5826114084       0.0000000000
   1480.00       0.0373777478    -688.7578250132    -688.7952027610       0.0000000000     983.4903604428       0.0000000000
   1520.00       0.0387183270    -688.7587221880    -688.7974405150       0.0000000000    1018.7639325013       0.0000000000
   1560.00       0.0429408227    -688.7593399483    -688.8022807710       0.0000000000    1129.8670370633       0.0000000000
   1600.00       0.0408884896    -688.7586609954    -688.7995494850       0.0000000000    1075.8656613358       0.0000000000
   1640.00       0.0397006379    -688.7584750041    -688.7981756420       0.0000000000    1044.6106827539       0.0000000000
   1680.00       0.0431396732    -688.7590283598    -688.8021680330       0.0000000000    1135.0992273320       0.0000000000
   1720.00       0.0466297346    -688.7592492144    -688.8058789490       0.0000000000    1226.9303826608       0.0000000000
   1760.00       0.0503511738    -688.7587691872    -688.8091203610       0.0000000000    1324.8495951186       0.0000000000
   1800.00       0.0567069279    -688.7600075131    -688.8167144410       0.0000000000    1492.0833977850       0.0000000000
   1840.00       0.0575565867    -688.7591209243    -688.8166775110       0.0000000000    1514.4397793434       0.0000000000
   1880.00       0.0574640181    -688.7595045949    -688.8169686130       0.0000000000    1512.0040973209       0.0000000000
   1920.00       0.0557847770    -688.7595144340    -688.8152992110       0.0000000000    1467.8195891062       0.0000000000
   1960.00       0.0523113159    -688.7587445571    -688.8110558730       0.0000000000    1376.4252234984       0.0000000000
   2000.00       0.0551959106    -688.7589614094    -688.8141573200       0.0000000000    1452.3252230326       0.0000000000
   2040.00       0.0625305885    -688.7596799135    -688.8222105020       0.0000000000    1645.3166548420       0.0000000000
   2080.00       0.0668439227    -688.7596424523    -688.8264863750       0.0000000000    1758.8099169087       0.0000000000
   2120.00       0.0693744200    -688.7591487880    -688.8285232080       0.0000000000    1825.3928417190       0.0000000000
   2160.00       0.0755947041    -688.7599650879    -688.8355597920       0.0000000000    1989.0621299270       0.0000000000
   2200.00       0.0764399441    -688.7608164509    -688.8372563950       0.0000000000    2011.3022446455       0.0000000000
   2240.00       0.0674475056    -688.7593575854    -688.8268050910       0.0000000000    1774.6915054150       0.0000000000
   2280.00       0.0601865161    -688.7600138619    -688.8202003780       0.0000000000    1583.6389778504       0.0000000000
   2320.00       0.0535808830    -688.7594587990    -688.8130396820       0.0000000000    1409.8303134150       0.0000000000
   2360.00       0.0514126881    -688.7593006189    -688.8107133070       0.0000000000    1352.7803585930       0.0000000000
   2400.00       0.0553003535    -688.7601133935    -688.8154137470       0.0000000000    1455.0733452791       0.0000000000
   2440.00       0.0565300447    -688.7605105563    -688.8170406010       0.0000000000    1487.4292113290       0.0000000000
   2480.00       0.0538578056    -688.7593324564    -688.8131902620       0.0000000000    1417.1167520445       0.0000000000
   2520.00       0.0597888621    -688.7602032879    -688.8199921500       0.0000000000    1573.1758323256       0.0000000000
   2560.00       0.0651091518    -688.7616641212    -688.8267732730       0.0000000000    1713.1642995880       0.0000000000
   2600.00       0.0599208425    -688.7595931755    -688.8195140180       0.0000000000    1576.6485256833       0.0000000000
   2640.00       0.0573829961    -688.7607763659    -688.8181593620       0.0000000000    1509.8722315446       0.0000000000
   2680.00       0.0523502774    -688.7600969966    -688.8124472740       0.0000000000    1377.4503861866       0.0000000000
   2720.00       0.0484933830    -688.7597026000    -688.8081959830       0.0000000000    1275.9670518324       0.0000000000
   2760.00       0.0505245814    -688.7603654016    -688.8108899830       0.0000000000    1329.4123285919       0.0000000000
   2800.00       0.0516119542    -688.7608618968    -688.8124738510       0.0000000000    1358.0234862282       0.0000000000
   2840.00       0.0481925110    -688.7601834230    -688.8083759340       0.0000000000    1268.0504519618       0.0000000000
   2880.00       0.0489558451    -688.7602326499    -688.8091884950       0.0000000000    1288.1354424210       0.0000000000
   2920.00       0.0531043170    -688.7616256140    -688.8147299310       0.0000000000    1397.2908191563       0.0000000000
   2960.00       0.0476651915    -688.7609830815    -688.8086482730       0.0000000000    1254.1755207577       0.0000000000
   3000.00       0.0394099782    -688.7600384288    -688.7994484070       0.0000000000    1036.9627886684       0.0000000000
   3040.00       0.0390469388    -688.7606629672    -688.7997099060       0.0000000000    1027.4104274994       0.0000000000
   3080.00       0.0419504854    -688.7607033526    -688.8026538380       0.0000000000    1103.8090940792       0.0000000000
   3120.00       0.0451248072    -688.7608534138    -688.8059782210       0.0000000000    1187.3324493359       0.0000000000
   3160.00       0.0469841851    -688.7609668249    -688.8079510100       0.0000000000    1236.2567504947       0.0000000000
   3200.00       0.0471496488    -688.7608232632    -688.8079729120       0.0000000000    1240.6104646575       0.0000000000
   3240.00       0.0484459115    -688.7607706465    -688.8092165580       0.0000000000    1274.7179740036       0.0000000000
   3280.00       0.0509151365    -688.7615327215    -688.8124478580       0.0000000000    1339.6886879427       0.0000000000
   3320.00       0.0475996547    -688.7617838563    -688.8093835110       0.0000000000    1252.4511036832       0.0000000000
   3360.00       0.0389222549    -688.7604691071    -688.7993913620       0.0000000000    1024.1297205382       0.0000000000
   3400.00       0.0395060617    -688.7606637033    -688.8001697650       0.0000000000    1039.4909561402       0.0000000000
   3440.00       0.0480798414    -688.7618514156    -688.8099312570       0.0000000000    1265.0858679681       0.0000000000
   3480.00       0.0501794015    -688.7618014045    -688.8119808060       0.0000000000    1320.3298878364       0.0000000000
   3520.00       0.0443616411    -688.7613100079    -688.8056716490       0.0000000000    1167.2518793165       0.0000000000
   3560.00       0.0390239204    -688.7606463336    -688.7996702540       0.0000000000    1026.8047634561       0.0000000000
   3600.00       0.0428311590    -688.7611856140    -688.8040167730       0.0000000000    1126.9815439229       0.0000000000
   3640.00       0.0490871630    -688.7623814660    -688.8114686290       0.0000000000    1291.5907021539       0.0000000000
   3680.00       0.0466351085    -688.7615142645    -688.8081493730       0.0000000000    1227.0717829586       0.0000000000
   3720.00       0.0438256199    -688.7613633721    -688.8051889920       0.0000000000    1153.1479883200       0.0000000000
   3760.00       0.0433602472    -688.7622669508    -688.8056271980       0.0000000000    1140.9030136639       0.0000000000
   3800.00       0.0398361361    -688.7611768829    -688.8010130190       0.0000000000    1048.1759365771       0.0000000000
   3840.00       0.0421063362    -688.7615718358    -688.8036781720       0.0000000000    1107.9098695784       0.0000000000
   3880.00       0.0478188354    -688.7621019916    -688.8099208270       0.0000000000    1258.2182268216       0.0000000000
   3920.00       0.0501954771    -688.7616644279    -688.8118599050       0.0000000000    1320.7528729911       0.0000000000
   3960.00       0.0523233757    -688.7617879903    -688.8141113660       0.0000000000    1376.7425422074       0.0000000000
   4000.00       0.0522227422    -688.7623709898    -688.8145937320       0.0000000000    1374.0946552630       0.0000000000
   4040.00       0.0463841349    -688.7615187591    -688.8079028940       0.0000000000    1220.4681184996       0.0000000000
   4080.00       0.0450088936    -688.7611965824    -688.8062054760       0.0000000000    1184.2825095697       0.0000000000
   4120.00       0.0519123465    -688.7623216355    -688.8142339820       0.0000000000    1365.9274648680       0.0000000000
   4160.00       0.0550888158    -688.7626875932    -688.8177764090       0.0000000000    1449.5073255134       0.0000000000
   4200.00       0.0511825175    -688.7617541255    -688.8129366430       0.0000000000    1346.7240667540       0.0000000000
   4240.00       0.0508840108    -688.7618407132    -688.8127247240       0.0000000000    1338.8697020487       0.0000000000
   4280.00       0.0558454432    -688.7621768678    -688.8180223110       0.0000000000    1469.4158494574       0.0000000000
   4320.00       0.0620303867    -688.7622891213    -688.8243195080       0.0000000000    1632.1552508578       0.0000000000
   4360.00       0.0648417007    -688.7631090123    -688.8279507130       0.0000000000    1706.1270750634       0.0000000000
   4400.00       0.0568144560    -688.7626208150    -688.8194352710       0.0000000000    1494.9126961837       0.0000000000
   4440.00       0.0459246754    -688.7613373246    -688.8072620000       0.0000000000    1208.3787312105       0.0000000000
   4480.00       0.0476430846    -688.7617994944    -688.8094425790       0.0000000000    1253.5938399877       0.0000000000
   4520.00       0.0577627461    -688.7629608859    -688.8207236320       0.0000000000    1519.8642848952       0.0000000000
   4560.00       0.0612915340    -688.7631482880    -688.8244398220       0.0000000000    1612.7144170535       0.0000000000
   4600.00       0.0554361146    -688.7626264914    -688.8180626060       0.0000000000    1458.6455159689       0.0000000000
   4640.00       0.0500855982    -688.7618545608    -688.8119401590       0.0000000000    1317.8617193673       0.0000000000
   4680.00       0.0558306113    -688.7625071627    -688.8183377740       0.0000000000    1469.0255888984       0.0000000000
   4720.00       0.0643102006    -688.7638612704    -688.8281714710       0.0000000000    1692.1421423963       0.0000000000
   4760.00       0.0598375406    -688.7633705334    -688.8232080740       0.0000000000    1574.4566691347       0.0000000000
   4800.00       0.0479722114    -688.7620371936    -688.8100094050       0.0000000000    1262.2538858051       0.0000000000
   4840.00       0.0443920847    -688.7624105053    -688.8068025900       0.0000000000    1168.0529157036       0.0000000000
   4880.00       0.0475488954    -688.7630737826    -688.8106226780       0.0000000000    1251.1155148690       0.0000000000
   4920.00       0.0497284855    -688.7628149685    -688.8125434540       0.0000000000    1308.4653033532       0.0000000000
   4960.00       0.0518920933    -688.7630751837    -688.8149672770       0.0000000000    1365.3945597234       0.0000000000
   5000.00       0.0517600102    -688.7634719398    -688.8152319500       0.0000000000    1361.9191627567       0.0000000000
   5040.00       0.0493135575    -688.7623800875    -688.8116936450       0.0000000000    1297.5476389126       0.0000000000
   5080.00       0.0549050716    -688.7631648404    -688.8180699120       0.0000000000    1444.6726126267       0.0000000000
   5120.00       0.0605710282    -688.7643625138    -688.8249335420       0.0000000000    1593.7563322098       0.0000000000
   5160.00       0.0540839599    -688.7631454751    -688.8172294350       0.0000000000    1423.0673664762       0.0000000000
   5200.00       0.0477848445    -688.7626483145    -688.8104331590       0.0000000000    1257.3238517966       0.0000000000
   5240.00       0.0485809196    -688.7635336464    -688.8121145660       0.0000000000    1278.2703308442       0.0000000000
   5280.00       0.0490289861    -688.7631741279    -688.8122031140       0.0000000000    1290.0599419816       0.0000000000
   5320.00       0.0512171055    -688.7630362225    -688.8142533280       0.0000000000    1347.6341518003       0.0000000000
   5360.00       0.0566478216    -688.7636847984    -688.8203326200       0.0000000000    1490.5281798622       0.0000000000
   5400.00       0.0599529817    -688.7636785953    -688.8236315770       0.0000000000    1577.4941771758       0.0000000000
   5440.00       0.0594803116    -688.7637964674    -688.8232767790       0.0000000000    1565.0571913291       0.0000000000
   5480.00       0.0571563716    -688.7633024334    -688.8204588050       0.0000000000    1503.9092436719       0.0000000000
   5520.00       0.0583800350    -688.7634498440    -688.8218298790       0.0000000000    1536.1065056808       0.0000000000
   5560.00       0.0625567173    -688.7640541307    -688.8266108480       0.0000000000    1646.0041609069       0.0000000000
   5600.00       0.0618375949    -688.7642944721    -688.8261320670       0.0000000000    1627.0824748587       0.0000000000
   5640.00       0.0533431279    -688.7635485791    -688.8168917070       0.0000000000    1403.5744562639       0.0000000000
   5680.00       0.0453285781    -688.7632872089    -688.8086157870       0.0000000000    1192.6941086509       0.0000000000
   5720.00       0.0431462509    -688.7633660861    -688.8065123370       0.0000000000    1135.2723031243       0.0000000000
   5760.00       0.0481182661    -688.7634776249    -688.8115958910       0.0000000000    1266.0969050656       0.0000000000
   5800.00       0.0552363406    -688.7650960814    -688.8203324220       0.0000000000    1453.3890247887       0.0000000000
   5840.00       0.0489199497    -688.7646770243    -688.8135969740       0.0000000000    1287.1909543378       0.0000000000
   5880.00       0.0383560844    -688.7627388976    -688.8010949820       0.0000000000    1009.2325370739       0.0000000000
   5920.00       0.0433758177    -688.7642096903    -688.8075855080       0.0000000000    1141.3127070243       0.0000000000
   5960.00       0.0511610975    -688.7651487105    -688.8163098080       0.0000000000    1346.1604596108       0.0000000000
   6000.00       0.0472487375    -688.7647061335    -688.8119548710       0.0000000000    1243.2177036274       0.0000000000
   6040.00       0.0362983025    -688.7638026095    -688.8001009120       0.0000000000     955.0877908812       0.0000000000
   6080.00       0.0306704998    -688.7635411252    -688.7942116250       0.0000000000     807.0079822498       0.0000000000
   6120.00       0.0351219627    -688.7640008323    -688.7991227950       0.0000000000     924.1357161046       0.0000000000
   6160.00       0.0429401208    -688.7651030702    -688.8080431910       0.0000000000    1129.8485683854       0.0000000000
   6200.00       0.0403715505    -688.7655663625    -688.8059379130       0.0000000000    1062.2638625372       0.0000000000
   6240.00       0.0284701465    -688.7631971455    -688.7916672920       0.0000000000     749.1118702730       0.0000000000
   6280.00       0.0325778333    -688.7639598577    -688.7965376910       0.0000000000     857.1941028465       0.0000000000
   6320.00       0.0464870161    -688.7659332369    -688.8124202530       0.0000000000    1223.1751483823       0.0000000000
   6360.00       0.0475451441    -688.7648862539    -688.8124313980       0.0000000000    1251.0168120231       0.0000000000
   6400.00       0.0424103698    -688.7646054442    -688.8070158140       0.0000000000    1115.9096605175       0.0000000000
   6440.00       0.0376359659    -688.7646064071    -688.8022423730       0.0000000000     990.2846437514       0.0000000000
   6480.00       0.0368871801    -688.7638526049    -688.8007397850       0.0000000000     970.5824505199       0.0000000000
   6520.00       0.0458074998    -688.7649933072    -688.8108008070       0.0000000000    1205.2955854278       0.0000000000
   6560.00       0.0512389275    -688.7663783905    -688.8176173180       0.0000000000    1348.2083377275       0.0000000000
   6600.00       0.0403933811    -688.7647499459    -688.8051433270       0.0000000000    1062.8382714313       0.0000000000
   6640.00       0.0344367477    -688.7635908423    -688.7980275900       0.0000000000     906.1062078689       0.0000000000
   6680.00       0.0451424945    -688.7656860805    -688.8108285750       0.0000000000    1187.7978403876       0.0000000000
   6720.00       0.0521659358    -688.7655314062    -688.8176973420       0.0000000000    1372.5999549983       0.0000000000
   6760.00       0.0510754600    -688.7653196750    -688.8163951350       0.0000000000    1343.9071496585       0.0000000000
   6800.00       0.0457165781    -688.7649385079    -688.8106550860       0.0000000000    1202.9032377833       0.0000000000
   6840.00       0.0435393953    -688.7642740837    -688.8078134790       0.0000000000    1145.6167926784       0.0000000000
   6880.00       0.0506372197    -688.7653716593    -688.8160088790       0.0000000000    1332.3760872486       0.0000000000
   6920.00       0.0546765037    -688.7664334783    -688.8211099820       0.0000000000    1438.6584921327       0.0000000000
   6960.00       0.0453037469    -688.7651759061    -688.8104796530       0.0000000000    1192.0407436851       0.0000000000
   7000.00       0.0381841232    -688.7646495928    -688.8028337160       0.0000000000    1004.7078603112       0.0000000000
   7040.00       0.0417376956    -688.7655921024    -688.8073297980       0.0000000000    1098.2101278878       0.0000000000
   7080.00       0.0463824336    -688.7655813704    -688.8119638040       0.0000000000    1220.4233528780       0.0000000000
   7120.00       0.0480422414    -688.7659397576    -688.8139819990       0.0000000000    1264.0965297196       0.0000000000
   7160.00       0.0433572540    -688.7655758510    -688.8089331050       0.0000000000    1140.8242563123       0.0000000000
   7200.00       0.0384853825    -688.7645200565    -688.8030054390       0.0000000000    1012.6346528107       0.0000000000
   7240.00       0.0454128768    -688.7651861082    -688.8105989850       0.0000000000    1194.9121906213       0.0000000000
   7280.00       0.0565595573    -688.7667708527    -688.8233304100       0.0000000000    1488.2057521918       0.0000000000
   7320.00       0.0542387719    -688.7664105061    -688.8206492780       0.0000000000    1427.1408084473       0.0000000000
   7360.00       0.0453801022    -688.7648452668    -688.8102253690       0.0000000000    1194.0498196694       0.0000000000
   7400.00       0.0459341783    -688.7658229067    -688.8117570850       0.0000000000    1208.6287739967       0.0000000000
   7440.00       0.0509450383    -688.7658863507    -688.8168313890       0.0000000000    1340.4754685464       0.0000000000
   7480.00       0.0545797356    -688.7664390714    -688.8210188070       0.0000000000    1436.1123104654       0.0000000000
   7520.00       0.0518274618    -688.7659250462    -688.8177525080       0.0000000000    1363.6939623657       0.0000000000
   7560.00       0.0494153615    -688.7649837845    -688.8143991460       0.0000000000    1300.2263248555       0.0000000000
   7600.00       0.0576559148    -688.7658128382    -688.8234687530       0.0000000000    1517.0533193116       0.0000000000
   7640.00       0.0674260626    -688.7671205534    -688.8345466160       0.0000000000    1774.1272928494       0.0000000000
   7680.00       0.0652274950    -688.7661838140    -688.8314113090       0.0000000000    1716.2781664983       0.0000000000
   7720.00       0.0626512937    -688.7654467413    -688.8280980350       0.0000000000    1648.4926708714       0.0000000000
   7760.00       0.0661194962    -688.7669448398    -688.8330643360       0.0000000000    1739.7486720317       0.0000000000
   7800.00       0.0645215618    -688.7659003332    -688.8304218950       0.0000000000    1697.7035206577       0.0000000000
   7840.00       0.0631930798    -688.7662251362    -688.8294182160       0.0000000000    1662.7482514419       0.0000000000
   7880.00       0.0614878861    -688.7663436189    -688.8278315050       0.0000000000    1617.8808711439       0.0000000000
   7920.00       0.0577111132    -688.7660428488    -688.8237539620       0.0000000000    1518.5057091135       0.0000000000
   7960.00       0.0562086289    -688.7658561591    -688.8220647880       0.0000000000    1478.9720602865       0.0000000000
   8000.00       0.0593104598    -688.7664545442    -688.8257650040       0.0000000000    1560.5880208156       0.0000000000
   8040.00       0.0603222210    -688.7669632280    -688.8272854490       0.0000000000    1587.2096714923       0.0000000000
   8080.00       0.0572978814    -688.7657162806    -688.8230141620       0.0000000000    1507.6326753497       0.0000000000
   8120.00       0.0584196192    -688.7670117468    -688.8254313660       0.0000000000    1537.1480526691       0.0000000000
   8160.00       0.0555003401    -688.7668949269    -688.8223952670       0.0000000000    1460.3354299806       0.0000000000
   8200.00       0.0483341232    -688.7661534208    -688.8144875440       0.0000000000    1271.7765774973       0.0000000000
   8240.00       0.0452888439    -688.7663028791    -688.8115917230       0.0000000000    1191.6486139107       0.0000000000
   8280.00       0.0467561410    -688.7663488020    -688.8131049430       0.0000000000    1230.2564132119       0.0000000000
   8320.00       0.0513920668    -688.7666079732    -688.8180000400       0.0000000000    1352.2377673555       0.0000000000
   8360.00       0.0560204138    -688.7671674542    -688.8231878680       0.0000000000    1474.0197072401       0.0000000000
   8400.00       0.0541662250    -688.7674409880    -688.8216072130       0.0000000000    1425.2319409318       0.0000000000
   8440.00       0.0492324761    -688.7656457159    -688.8148781920       0.0000000000    1295.4142098608       0.0000000000
   8480.00       0.0561349511    -688.7674108639    -688.8235458150       0.0000000000    1477.0334355009       0.0000000000
   8520.00       0.0611818752    -688.7679890158    -688.8291708910       0.0000000000    1609.8290546925       0.0000000000
   8560.00       0.0542371449    -688.7667710091    -688.8210081540       0.0000000000    1427.0980008367       0.0000000000
   8600.00       0.0479784058    -688.7663658552    -688.8143442610       0.0000000000    1262.4168746435       0.0000000000
