cat: job.start: No such file or directory
 ridft ended normally
 egrad ended normally
OPTIMIZATION CYCLE 1
  statpt ended normally
 ridft ended normally
 egrad ended normally
OPTIMIZATION CYCLE 2
  statpt ended normally
 ridft ended normally
 egrad ended normally
OPTIMIZATION CYCLE 3
  statpt ended normally
 ridft ended normally
 egrad ended normally
OPTIMIZATION CYCLE 4
  statpt ended normally
 ridft ended normally
 egrad ended normally
OPTIMIZATION CYCLE 5
  statpt ended normally
 ridft ended normally
 egrad ended normally
OPTIMIZATION CYCLE 6
  statpt ended normally
 ridft ended normally
 egrad ended normally
OPTIMIZATION CYCLE 7
  statpt ended normally
 ridft ended normally
 egrad ended normally
OPTIMIZATION CYCLE 8
  statpt ended normally
 ridft ended normally
 egrad ended normally
OPTIMIZATION CYCLE 9
  statpt ended normally
 ridft ended normally
 egrad ended normally
OPTIMIZATION CYCLE 10
  statpt ended normally
 ridft ended normally
 egrad ended normally
OPTIMIZATION CYCLE 11
  statpt ended normally
 ridft ended normally
 egrad ended normally
OPTIMIZATION CYCLE 12
  statpt ended normally
 ridft ended normally
 egrad ended normally
OPTIMIZATION CYCLE 13
  statpt ended normally
 ridft ended normally
 egrad ended normally
grep: job.last: No such file or directory
grep: job.last: No such file or directory
cat: job.start: No such file or directory
