# mdlog[.1-last] used as log with 0 constraints
#    t=          KineticE=          TotalE=            PotentialE=        P(GPa)=            T(K)=              xi=
      0.00       0.0218162878    -688.1259892122    -688.1478055000       0.0000000000     574.0342847005       0.0000000000
     40.00       0.0235584109    -688.1185636461    -688.1421220570       0.0000000000     619.8733572169       0.0000000000
     80.00       0.0735904880    -688.1211452310    -688.1947357190       0.0000000000    1936.3268172724       0.0000000000
    120.00       0.1453825091    -688.1227109059    -688.2680934150       0.0000000000    3825.3320370633       0.0000000000
    160.00       0.2113916920    -688.1225044070    -688.3338960990       0.0000000000    5562.1781223359       0.0000000000
    200.00       0.2684932856    -688.1218453434    -688.3903386290       0.0000000000    7064.6460389368       0.0000000000
    240.00       0.3242451165    -688.1213926655    -688.4456377820       0.0000000000    8531.5987416459       0.0000000000
    280.00       0.3848326472    -688.1213166718    -688.5061493190       0.0000000000   10125.7892915969       0.0000000000
    320.00       0.4503143946    -688.1218557054    -688.5721701000       0.0000000000   11848.7573966457       0.0000000000
    360.00       0.5109849103    -688.1232655717    -688.6342504820       0.0000000000   13445.1314645891       0.0000000000
    400.00       0.5478064221    -688.1240609029    -688.6718673250       0.0000000000   14413.9860365161       0.0000000000
    440.00       0.5634129317    -688.1195391163    -688.6829520480       0.0000000000   14824.6274642154       0.0000000000
    480.00       0.5975239970    -688.1224438360    -688.7199678330       0.0000000000   15722.1642577332       0.0000000000
    520.00       0.6309523263    -688.1235182407    -688.7544705670       0.0000000000   16601.7367695736       0.0000000000
    560.00       0.6398117262    -688.1218887898    -688.7617005160       0.0000000000   16834.8469739667       0.0000000000
    600.00       0.6402311952    -688.1209568948    -688.7611880900       0.0000000000   16845.8841213571       0.0000000000
    640.00       0.6465810995    -688.1207115655    -688.7672926650       0.0000000000   17012.9640024523       0.0000000000
    680.00       0.6626812907    -688.1210614283    -688.7837427190       0.0000000000   17436.5952730679       0.0000000000
    720.00       0.6826145727    -688.1220516483    -688.8046662210       0.0000000000   17961.0835534611       0.0000000000
    760.00       0.6909793365    -688.1235973785    -688.8145767150       0.0000000000   18181.1787985855       0.0000000000
    800.00       0.6760373458    -688.1211552982    -688.7971926440       0.0000000000   17788.0223175513       0.0000000000
    840.00       0.6746688009    -688.1203230271    -688.7949918280       0.0000000000   17752.0129070759       0.0000000000
    880.00       0.6915002390    -688.1238737180    -688.8153739570       0.0000000000   18194.8848847526       0.0000000000
    920.00       0.6857152904    -688.1219474226    -688.8076627130       0.0000000000   18042.6702243377       0.0000000000
    960.00       0.6696921375    -688.1208551825    -688.7905473200       0.0000000000   17621.0659987054       0.0000000000
   1000.00       0.6606355478    -688.1205782772    -688.7812138250       0.0000000000   17382.7673013430       0.0000000000
   1040.00       0.6638172851    -688.1206930029    -688.7845102880       0.0000000000   17466.4857730521       0.0000000000
   1080.00       0.6764745770    -688.1215289730    -688.7980035500       0.0000000000   17799.5268284603       0.0000000000
   1120.00       0.6847397564    -688.1233329566    -688.8080727130       0.0000000000   18017.0017898340       0.0000000000
   1160.00       0.6714981404    -688.1217122076    -688.7932103480       0.0000000000   17668.5858887205       0.0000000000
   1200.00       0.6630659989    -688.1196593001    -688.7827252990       0.0000000000   17446.7177882237       0.0000000000
   1240.00       0.6728616103    -688.1234316667    -688.7962932770       0.0000000000   17704.4617661794       0.0000000000
   1280.00       0.6653914351    -688.1221029089    -688.7874943440       0.0000000000   17507.9051046173       0.0000000000
   1320.00       0.6460605183    -688.1210145827    -688.7670751010       0.0000000000   16999.2663708650       0.0000000000
   1360.00       0.6313486239    -688.1206335541    -688.7519821780       0.0000000000   16612.1642276320       0.0000000000
   1400.00       0.6285272098    -688.1206026552    -688.7491298650       0.0000000000   16537.9266468273       0.0000000000
   1440.00       0.6378454099    -688.1211053361    -688.7589507460       0.0000000000   16783.1088873628       0.0000000000
   1480.00       0.6505470888    -688.1225003622    -688.7730474510       0.0000000000   17117.3178605296       0.0000000000
   1520.00       0.6474629286    -688.1236502764    -688.7711132050       0.0000000000   17036.1668553514       0.0000000000
   1560.00       0.6294126819    -688.1189040701    -688.7483167520       0.0000000000   16561.2253548199       0.0000000000
   1600.00       0.6362279917    -688.1228139153    -688.7590419070       0.0000000000   16740.5510743793       0.0000000000
   1640.00       0.6427273666    -688.1234465674    -688.7661739340       0.0000000000   16911.5638532359       0.0000000000
   1680.00       0.6276344991    -688.1217018819    -688.7493363810       0.0000000000   16514.4374737667       0.0000000000
   1720.00       0.6106636179    -688.1209737181    -688.7316373360       0.0000000000   16067.8964428026       0.0000000000
   1760.00       0.6048508888    -688.1208332362    -688.7256841250       0.0000000000   15914.9508177828       0.0000000000
   1800.00       0.6127499081    -688.1212266089    -688.7339765170       0.0000000000   16122.7913042426       0.0000000000
   1840.00       0.6277312898    -688.1223081032    -688.7500393930       0.0000000000   16516.9842496027       0.0000000000
   1880.00       0.6338905997    -688.1235987563    -688.7574893560       0.0000000000   16679.0491735868       0.0000000000
   1920.00       0.6240012136    -688.1204515434    -688.7444527570       0.0000000000   16418.8377790934       0.0000000000
   1960.00       0.6290279899    -688.1216461581    -688.7506741480       0.0000000000   16551.1032671582       0.0000000000
   2000.00       0.6409097508    -688.1237952372    -688.7647049880       0.0000000000   16863.7384046920       0.0000000000
   2040.00       0.6320804027    -688.1222125753    -688.7542929780       0.0000000000   16631.4189290676       0.0000000000
   2080.00       0.6161818802    -688.1213303758    -688.7375122560       0.0000000000   16213.0940041626       0.0000000000
   2120.00       0.6072568179    -688.1211608631    -688.7284176810       0.0000000000   15978.2560768790       0.0000000000
   2160.00       0.6089155483    -688.1213580607    -688.7302736090       0.0000000000   16021.9009061128       0.0000000000
   2200.00       0.6188252352    -688.1216473558    -688.7404725910       0.0000000000   16282.6464582741       0.0000000000
   2240.00       0.6317168847    -688.1224469183    -688.7541638030       0.0000000000   16621.8539745877       0.0000000000
   2280.00       0.6352433256    -688.1237750734    -688.7590183990       0.0000000000   16714.6423546252       0.0000000000
   2320.00       0.6236625890    -688.1204075520    -688.7440701410       0.0000000000   16409.9278250345       0.0000000000
   2360.00       0.6279606142    -688.1220901188    -688.7500507330       0.0000000000   16523.0182761833       0.0000000000
   2400.00       0.6376715733    -688.1238525267    -688.7615241000       0.0000000000   16778.5348656237       0.0000000000
   2440.00       0.6280777836    -688.1222804894    -688.7503582730       0.0000000000   16526.1012611169       0.0000000000
   2480.00       0.6135766844    -688.1216095416    -688.7351862260       0.0000000000   16144.5455997337       0.0000000000
   2520.00       0.6057156807    -688.1215421723    -688.7272578530       0.0000000000   15937.7053842895       0.0000000000
   2560.00       0.6072129606    -688.1214976294    -688.7287105900       0.0000000000   15977.1020971341       0.0000000000
   2600.00       0.6181657132    -688.1218562868    -688.7400220000       0.0000000000   16265.2929905908       0.0000000000
   2640.00       0.6314013414    -688.1233498846    -688.7547512260       0.0000000000   16613.5513402377       0.0000000000
   2680.00       0.6289524016    -688.1236863444    -688.7526387460       0.0000000000   16549.1143731910       0.0000000000
   2720.00       0.6187329326    -688.1195549434    -688.7382878760       0.0000000000   16280.2177755676       0.0000000000
   2760.00       0.6277301744    -688.1236881656    -688.7514183400       0.0000000000   16516.9549003294       0.0000000000
   2800.00       0.6288755179    -688.1232135961    -688.7520891140       0.0000000000   16547.0913947039       0.0000000000
   2840.00       0.6151037130    -688.1220067080    -688.7371104210       0.0000000000   16184.7250628861       0.0000000000
   2880.00       0.6015561671    -688.1215456199    -688.7231017870       0.0000000000   15828.2594783345       0.0000000000
   2920.00       0.5966176754    -688.1213108766    -688.7179285520       0.0000000000   15698.3169516803       0.0000000000
   2960.00       0.6032111831    -688.1215724619    -688.7247836450       0.0000000000   15871.8065704956       0.0000000000
   3000.00       0.6173504779    -688.1222706211    -688.7396210990       0.0000000000   16243.8423656500       0.0000000000
   3040.00       0.6272588645    -688.1237941795    -688.7510530440       0.0000000000   16504.5537045720       0.0000000000
   3080.00       0.6158727048    -688.1235651112    -688.7394378160       0.0000000000   16204.9589207793       0.0000000000
   3120.00       0.6049382664    -688.1190048356    -688.7239431020       0.0000000000   15917.2499144328       0.0000000000
   3160.00       0.6237549671    -688.1245285399    -688.7482835070       0.0000000000   16412.3584955217       0.0000000000
   3200.00       0.6275817659    -688.1232153351    -688.7507971010       0.0000000000   16513.0499497174       0.0000000000
   3240.00       0.6140170298    -688.1217618992    -688.7357789290       0.0000000000   16156.1320495353       0.0000000000
   3280.00       0.6033073155    -688.1212694545    -688.7245767700       0.0000000000   15874.3360259649       0.0000000000
   3320.00       0.6038126491    -688.1214247369    -688.7252373860       0.0000000000   15887.6324577952       0.0000000000
   3360.00       0.6139838871    -688.1217801019    -688.7357639890       0.0000000000   16155.2599946323       0.0000000000
   3400.00       0.6265881434    -688.1229292346    -688.7495173780       0.0000000000   16486.9055655542       0.0000000000
   3440.00       0.6243393459    -688.1245500601    -688.7488894060       0.0000000000   16427.7347821088       0.0000000000
   3480.00       0.6068939074    -688.1189629406    -688.7258568480       0.0000000000   15968.7071091061       0.0000000000
   3520.00       0.6185143679    -688.1238341571    -688.7423485250       0.0000000000   16274.4668608506       0.0000000000
   3560.00       0.6287954426    -688.1240002054    -688.7527956480       0.0000000000   16544.9844391294       0.0000000000
   3600.00       0.6164729741    -688.1220414509    -688.7385144250       0.0000000000   16220.7533217560       0.0000000000
   3640.00       0.6034975009    -688.1214555781    -688.7249530790       0.0000000000   15879.3402189437       0.0000000000
   3680.00       0.6003935603    -688.1215993947    -688.7219929550       0.0000000000   15797.6687475398       0.0000000000
   3720.00       0.6067638870    -688.1217039380    -688.7284678250       0.0000000000   15965.2859884437       0.0000000000
   3760.00       0.6199097878    -688.1222635722    -688.7421733600       0.0000000000   16311.1834111122       0.0000000000
   3800.00       0.6291929009    -688.1242412361    -688.7534341370       0.0000000000   16555.4424360088       0.0000000000
   3840.00       0.6148922686    -688.1233789464    -688.7382712150       0.0000000000   16179.1614977424       0.0000000000
   3880.00       0.6064750885    -688.1195015255    -688.7259766140       0.0000000000   15957.6870654016       0.0000000000
   3920.00       0.6271377432    -688.1249390428    -688.7520767860       0.0000000000   16501.3667404197       0.0000000000
   3960.00       0.6269039814    -688.1228646116    -688.7497685930       0.0000000000   16495.2159538432       0.0000000000
   4000.00       0.6126452320    -688.1216579290    -688.7343031610       0.0000000000   16120.0370477461       0.0000000000
   4040.00       0.6029665636    -688.1214625644    -688.7244291280       0.0000000000   15865.3700968815       0.0000000000
   4080.00       0.6031250779    -688.1213865271    -688.7245116050       0.0000000000   15869.5409554482       0.0000000000
   4120.00       0.6137564506    -688.1217397524    -688.7354962030       0.0000000000   16149.2756419911       0.0000000000
   4160.00       0.6274388776    -688.1234571034    -688.7508959810       0.0000000000   16509.2902455980       0.0000000000
   4200.00       0.6217500787    -688.1247523353    -688.7465024140       0.0000000000   16359.6054940640       0.0000000000
   4240.00       0.6057652518    -688.1182412642    -688.7240065160       0.0000000000   15939.0097088293       0.0000000000
   4280.00       0.6230620493    -688.1248558517    -688.7479179010       0.0000000000   16394.1263123204       0.0000000000
   4320.00       0.6287704637    -688.1233934833    -688.7521639470       0.0000000000   16544.3271907002       0.0000000000
   4360.00       0.6155286156    -688.1219344444    -688.7374630600       0.0000000000   16195.9051819225       0.0000000000
   4400.00       0.6035271210    -688.1216343960    -688.7251615170       0.0000000000   15880.1195893457       0.0000000000
   4440.00       0.6000444905    -688.1214355465    -688.7214800370       0.0000000000   15788.4839569848       0.0000000000
   4480.00       0.6079637303    -688.1215765887    -688.7295403190       0.0000000000   15996.8564904802       0.0000000000
   4520.00       0.6242029353    -688.1225827017    -688.7467856370       0.0000000000   16424.1455192184       0.0000000000
   4560.00       0.6328785557    -688.1245943783    -688.7574729340       0.0000000000   16652.4200816993       0.0000000000
   4600.00       0.6184806344    -688.1216827986    -688.7401634330       0.0000000000   16273.5792578384       0.0000000000
   4640.00       0.6167730221    -688.1213594089    -688.7381324310       0.0000000000   16228.6482390304       0.0000000000
   4680.00       0.6309549057    -688.1243012023    -688.7552561080       0.0000000000   16601.8046401019       0.0000000000
   4720.00       0.6252601009    -688.1227991101    -688.7480592110       0.0000000000   16451.9618608769       0.0000000000
   4760.00       0.6097400850    -688.1219274510    -688.7316675360       0.0000000000   16043.5962702209       0.0000000000
   4800.00       0.5989036322    -688.1215390428    -688.7204426750       0.0000000000   15758.4654783030       0.0000000000
   4840.00       0.5996542478    -688.1215354642    -688.7211897120       0.0000000000   15778.2158177565       0.0000000000
   4880.00       0.6122906356    -688.1220333794    -688.7343240150       0.0000000000   16110.7068399851       0.0000000000
   4920.00       0.6277892692    -688.1236824468    -688.7514717160       0.0000000000   16518.5098145517       0.0000000000
   4960.00       0.6245854264    -688.1247040066    -688.7492894330       0.0000000000   16434.2096974098       0.0000000000
   5000.00       0.6094400001    -688.1190847039    -688.7285247040       0.0000000000   16035.7003807374       0.0000000000
   5040.00       0.6214685945    -688.1242446455    -688.7457132400       0.0000000000   16352.1990269489       0.0000000000
   5080.00       0.6270557504    -688.1237657606    -688.7508215110       0.0000000000   16499.2093287498       0.0000000000
   5120.00       0.6140366191    -688.1224274939    -688.7364641130       0.0000000000   16156.6474882648       0.0000000000
   5160.00       0.5996495880    -688.1217657160    -688.7214153040       0.0000000000   15778.0932087188       0.0000000000
   5200.00       0.5947021086    -688.1215592384    -688.7162613470       0.0000000000   15647.9141956364       0.0000000000
   5240.00       0.6027860709    -688.1217619921    -688.7245480630       0.0000000000   15860.6209391873       0.0000000000
   5280.00       0.6200457715    -688.1227274475    -688.7427732190       0.0000000000   16314.7614402240       0.0000000000
   5320.00       0.6315029659    -688.1244138631    -688.7559168290       0.0000000000   16616.2253025639       0.0000000000
   5360.00       0.6216875236    -688.1225949924    -688.7442825160       0.0000000000   16357.9595327745       0.0000000000
   5400.00       0.6153943588    -688.1208257302    -688.7362200890       0.0000000000   16192.3725923821       0.0000000000
   5440.00       0.6257325050    -688.1241224720    -688.7498549770       0.0000000000   16464.3918465631       0.0000000000
   5480.00       0.6223240233    -688.1232456177    -688.7455696410       0.0000000000   16374.7072324577       0.0000000000
   5520.00       0.6070857310    -688.1221365290    -688.7292222600       0.0000000000   15973.7544072390       0.0000000000
   5560.00       0.5953885030    -688.1216646620    -688.7170531650       0.0000000000   15665.9747341153       0.0000000000
   5600.00       0.5952612626    -688.1216298974    -688.7168911600       0.0000000000   15662.6267627851       0.0000000000
   5640.00       0.6071420745    -688.1220673055    -688.7292093800       0.0000000000   15975.2369275257       0.0000000000
   5680.00       0.6234675204    -688.1232375686    -688.7467050890       0.0000000000   16404.7951427173       0.0000000000
   5720.00       0.6270559651    -688.1245950279    -688.7516509930       0.0000000000   16499.2149773715       0.0000000000
   5760.00       0.6131562200    -688.1205284970    -688.7336847170       0.0000000000   16133.4822600855       0.0000000000
   5800.00       0.6187652602    -688.1228012958    -688.7415665560       0.0000000000   16281.0683843264       0.0000000000
   5840.00       0.6297288110    -688.1244308190    -688.7541596300       0.0000000000   16569.5434044552       0.0000000000
   5880.00       0.6191644163    -688.1227599777    -688.7419243940       0.0000000000   16291.5710568817       0.0000000000
   5920.00       0.6029075681    -688.1218974399    -688.7248050080       0.0000000000   15863.8177964857       0.0000000000
   5960.00       0.5949555480    -688.1216983950    -688.7166539430       0.0000000000   15654.5827421774       0.0000000000
   6000.00       0.5993405341    -688.1218385279    -688.7211790620       0.0000000000   15769.9613245556       0.0000000000
   6040.00       0.6136213948    -688.1224516722    -688.7360730670       0.0000000000   16145.7220283277       0.0000000000
   6080.00       0.6267661052    -688.1240543148    -688.7508204200       0.0000000000   16491.5881288876       0.0000000000
   6120.00       0.6202873238    -688.1238388472    -688.7441261710       0.0000000000   16321.1172111448       0.0000000000
   6160.00       0.6073236340    -688.1199649220    -688.7272885560       0.0000000000   15980.0141549841       0.0000000000
   6200.00       0.6165303931    -688.1237894879    -688.7403198810       0.0000000000   16222.2641405387       0.0000000000
   6240.00       0.6195198038    -688.1235554642    -688.7430752680       0.0000000000   16300.9220783472       0.0000000000
   6280.00       0.6072354951    -688.1222486049    -688.7294841000       0.0000000000   15977.6950298380       0.0000000000
   6320.00       0.5956474279    -688.1216794591    -688.7173268870       0.0000000000   15672.7876162736       0.0000000000
   6360.00       0.5945433641    -688.1215226369    -688.7160660010       0.0000000000   15643.7372795828       0.0000000000
   6400.00       0.6060101153    -688.1218629057    -688.7278730210       0.0000000000   15945.4526044594       0.0000000000
   6440.00       0.6228261191    -688.1232285389    -688.7460546580       0.0000000000   16387.9184715776       0.0000000000
   6480.00       0.6249360816    -688.1247140804    -688.7496501620       0.0000000000   16443.4362029670       0.0000000000
   6520.00       0.6068719609    -688.1202746661    -688.7271466270       0.0000000000   15968.1296490743       0.0000000000
   6560.00       0.6129040417    -688.1227577333    -688.7356617750       0.0000000000   16126.8468969246       0.0000000000
   6600.00       0.6268599572    -688.1244537008    -688.7513136580       0.0000000000   16494.0575818046       0.0000000000
   6640.00       0.6171018157    -688.1225837033    -688.7396855190       0.0000000000   16237.2995186711       0.0000000000
   6680.00       0.6012690433    -688.1216658867    -688.7229349300       0.0000000000   15820.7046208150       0.0000000000
   6720.00       0.5948578931    -688.1213518909    -688.7162097840       0.0000000000   15652.0132260059       0.0000000000
   6760.00       0.6028697462    -688.1216535408    -688.7245232870       0.0000000000   15862.8226180891       0.0000000000
   6800.00       0.6195229783    -688.1228689787    -688.7423919570       0.0000000000   16301.0056072064       0.0000000000
   6840.00       0.6267221117    -688.1243755513    -688.7510976630       0.0000000000   16490.4305636334       0.0000000000
   6880.00       0.6129205312    -688.1216645438    -688.7345850750       0.0000000000   16127.2807727890       0.0000000000
   6920.00       0.6114378732    -688.1211561258    -688.7325939990       0.0000000000   16088.2687942439       0.0000000000
   6960.00       0.6258078496    -688.1242818354    -688.7500896850       0.0000000000   16466.3743286971       0.0000000000
   7000.00       0.6212077197    -688.1228787813    -688.7440865010       0.0000000000   16345.3348413901       0.0000000000
   7040.00       0.6060867917    -688.1217216963    -688.7278084880       0.0000000000   15947.4701277457       0.0000000000
